[01-Mar-2018 12:50:54 Asia/Tokyo] PHP Parse error:  syntax error, unexpected end of file in /home/ubuntu/workspace/kadai-tasklist/storage/framework/views/f809b87e0b23f23b51ede147b54482a4 on line 18
[01-Mar-2018 12:50:54 Asia/Tokyo] PHP Stack trace:
[01-Mar-2018 12:50:54 Asia/Tokyo] PHP   1. {main}() /home/ubuntu/workspace/kadai-tasklist/server.php:0
[01-Mar-2018 12:50:54 Asia/Tokyo] PHP   2. require_once() /home/ubuntu/workspace/kadai-tasklist/server.php:21
[01-Mar-2018 12:50:54 Asia/Tokyo] PHP   3. Illuminate\Foundation\Http\Kernel->handle() /home/ubuntu/workspace/kadai-tasklist/public/index.php:54
[01-Mar-2018 12:50:54 Asia/Tokyo] PHP   4. Illuminate\Foundation\Http\Kernel->sendRequestThroughRouter() /home/ubuntu/workspace/kadai-tasklist/vendor/laravel/framework/src/Illuminate/Foundation/Http/Kernel.php:87
[01-Mar-2018 12:50:54 Asia/Tokyo] PHP   5. Illuminate\Pipeline\Pipeline->then() /home/ubuntu/workspace/kadai-tasklist/vendor/laravel/framework/src/Illuminate/Foundation/Http/Kernel.php:122
[01-Mar-2018 12:50:54 Asia/Tokyo] PHP   6. call_user_func:{/home/ubuntu/workspace/kadai-tasklist/vendor/laravel/framework/src/Illuminate/Pipeline/Pipeline.php:103}() /home/ubuntu/workspace/kadai-tasklist/vendor/laravel/framework/src/Illuminate/Pipeline/Pipeline.php:103
[01-Mar-2018 12:50:54 Asia/Tokyo] PHP   7. Illuminate\Pipeline\Pipeline->Illuminate\Pipeline\{closure}() /home/ubuntu/workspace/kadai-tasklist/vendor/laravel/framework/src/Illuminate/Pipeline/Pipeline.php:103
[01-Mar-2018 12:50:54 Asia/Tokyo] PHP   8. call_user_func_array:{/home/ubuntu/workspace/kadai-tasklist/vendor/laravel/framework/src/Illuminate/Pipeline/Pipeline.php:124}() /home/ubuntu/workspace/kadai-tasklist/vendor/laravel/framework/src/Illuminate/Pipeline/Pipeline.php:124
[01-Mar-2018 12:50:54 Asia/Tokyo] PHP   9. Illuminate\Foundation\Http\Middleware\CheckForMaintenanceMode->handle() /home/ubuntu/workspace/kadai-tasklist/vendor/laravel/framework/src/Illuminate/Pipeline/Pipeline.php:124
[01-Mar-2018 12:50:54 Asia/Tokyo] PHP  10. Illuminate\Pipeline\Pipeline->Illuminate\Pipeline\{closure}() /home/ubuntu/workspace/kadai-tasklist/vendor/laravel/framework/src/Illuminate/Foundation/Http/Middleware/CheckForMaintenanceMode.php:44
[01-Mar-2018 12:50:54 Asia/Tokyo] PHP  11. call_user_func_array:{/home/ubuntu/workspace/kadai-tasklist/vendor/laravel/framework/src/Illuminate/Pipeline/Pipeline.php:124}() /home/ubuntu/workspace/kadai-tasklist/vendor/laravel/framework/src/Illuminate/Pipeline/Pipeline.php:124
[01-Mar-2018 12:50:54 Asia/Tokyo] PHP  12. Illuminate\Cookie\Middleware\EncryptCookies->handle() /home/ubuntu/workspace/kadai-tasklist/vendor/laravel/framework/src/Illuminate/Pipeline/Pipeline.php:124
[01-Mar-2018 12:50:54 Asia/Tokyo] PHP  13. Illuminate\Pipeline\Pipeline->Illuminate\Pipeline\{closure}() /home/ubuntu/workspace/kadai-tasklist/vendor/laravel/framework/src/Illuminate/Cookie/Middleware/EncryptCookies.php:59
[01-Mar-2018 12:50:54 Asia/Tokyo] PHP  14. call_user_func_array:{/home/ubuntu/workspace/kadai-tasklist/vendor/laravel/framework/src/Illuminate/Pipeline/Pipeline.php:124}() /home/ubuntu/workspace/kadai-tasklist/vendor/laravel/framework/src/Illuminate/Pipeline/Pipeline.php:124
[01-Mar-2018 12:50:54 Asia/Tokyo] PHP  15. Illuminate\Cookie\Middleware\AddQueuedCookiesToResponse->handle() /home/ubuntu/workspace/kadai-tasklist/vendor/laravel/framework/src/Illuminate/Pipeline/Pipeline.php:124
[01-Mar-2018 12:50:54 Asia/Tokyo] PHP  16. Illuminate\Pipeline\Pipeline->Illuminate\Pipeline\{closure}() /home/ubuntu/workspace/kadai-tasklist/vendor/laravel/framework/src/Illuminate/Cookie/Middleware/AddQueuedCookiesToResponse.php:37
[01-Mar-2018 12:50:54 Asia/Tokyo] PHP  17. call_user_func_array:{/home/ubuntu/workspace/kadai-tasklist/vendor/laravel/framework/src/Illuminate/Pipeline/Pipeline.php:124}() /home/ubuntu/workspace/kadai-tasklist/vendor/laravel/framework/src/Illuminate/Pipeline/Pipeline.php:124
[01-Mar-2018 12:50:54 Asia/Tokyo] PHP  18. Illuminate\Session\Middleware\StartSession->handle() /home/ubuntu/workspace/kadai-tasklist/vendor/laravel/framework/src/Illuminate/Pipeline/Pipeline.php:124
[01-Mar-2018 12:50:54 Asia/Tokyo] PHP  19. Illuminate\Pipeline\Pipeline->Illuminate\Pipeline\{closure}() /home/ubuntu/workspace/kadai-tasklist/vendor/laravel/framework/src/Illuminate/Session/Middleware/StartSession.php:62
[01-Mar-2018 12:50:54 Asia/Tokyo] PHP  20. call_user_func_array:{/home/ubuntu/workspace/kadai-tasklist/vendor/laravel/framework/src/Illuminate/Pipeline/Pipeline.php:124}() /home/ubuntu/workspace/kadai-tasklist/vendor/laravel/framework/src/Illuminate/Pipeline/Pipeline.php:124
[01-Mar-2018 12:50:54 Asia/Tokyo] PHP  21. Illuminate\View\Middleware\ShareErrorsFromSession->handle() /home/ubuntu/workspace/kadai-tasklist/vendor/laravel/framework/src/Illuminate/Pipeline/Pipeline.php:124
[01-Mar-2018 12:50:54 Asia/Tokyo] PHP  22. Illuminate\Pipeline\Pipeline->Illuminate\Pipeline\{closure}() /home/ubuntu/workspace/kadai-tasklist/vendor/laravel/framework/src/Illuminate/View/Middleware/ShareErrorsFromSession.php:49
[01-Mar-2018 12:50:54 Asia/Tokyo] PHP  23. call_user_func_array:{/home/ubuntu/workspace/kadai-tasklist/vendor/laravel/framework/src/Illuminate/Pipeline/Pipeline.php:124}() /home/ubuntu/workspace/kadai-tasklist/vendor/laravel/framework/src/Illuminate/Pipeline/Pipeline.php:124
[01-Mar-2018 12:50:54 Asia/Tokyo] PHP  24. Illuminate\Foundation\Http\Middleware\VerifyCsrfToken->handle() /home/ubuntu/workspace/kadai-tasklist/vendor/laravel/framework/src/Illuminate/Pipeline/Pipeline.php:124
[01-Mar-2018 12:50:54 Asia/Tokyo] PHP  25. Illuminate\Pipeline\Pipeline->Illuminate\Pipeline\{closure}() /home/ubuntu/workspace/kadai-tasklist/vendor/laravel/framework/src/Illuminate/Foundation/Http/Middleware/VerifyCsrfToken.php:50
[01-Mar-2018 12:50:54 Asia/Tokyo] PHP  26. call_user_func:{/home/ubuntu/workspace/kadai-tasklist/vendor/laravel/framework/src/Illuminate/Pipeline/Pipeline.php:139}() /home/ubuntu/workspace/kadai-tasklist/vendor/laravel/framework/src/Illuminate/Pipeline/Pipeline.php:139
[01-Mar-2018 12:50:54 Asia/Tokyo] PHP  27. Illuminate\Foundation\Http\Kernel->Illuminate\Foundation\Http\{closure}() /home/ubuntu/workspace/kadai-tasklist/vendor/laravel/framework/src/Illuminate/Pipeline/Pipeline.php:139
[01-Mar-2018 12:50:54 Asia/Tokyo] PHP  28. Illuminate\Routing\Router->dispatch() /home/ubuntu/workspace/kadai-tasklist/vendor/laravel/framework/src/Illuminate/Foundation/Http/Kernel.php:236
[01-Mar-2018 12:50:54 Asia/Tokyo] PHP  29. Illuminate\Routing\Router->dispatchToRoute() /home/ubuntu/workspace/kadai-tasklist/vendor/laravel/framework/src/Illuminate/Routing/Router.php:635
[01-Mar-2018 12:50:54 Asia/Tokyo] PHP  30. Illuminate\Routing\Router->runRouteWithinStack() /home/ubuntu/workspace/kadai-tasklist/vendor/laravel/framework/src/Illuminate/Routing/Router.php:675
[01-Mar-2018 12:50:54 Asia/Tokyo] PHP  31. Illuminate\Pipeline\Pipeline->then() /home/ubuntu/workspace/kadai-tasklist/vendor/laravel/framework/src/Illuminate/Routing/Router.php:710
[01-Mar-2018 12:50:54 Asia/Tokyo] PHP  32. call_user_func:{/home/ubuntu/workspace/kadai-tasklist/vendor/laravel/framework/src/Illuminate/Pipeline/Pipeline.php:103}() /home/ubuntu/workspace/kadai-tasklist/vendor/laravel/framework/src/Illuminate/Pipeline/Pipeline.php:103
[01-Mar-2018 12:50:54 Asia/Tokyo] PHP  33. Illuminate\Pipeline\Pipeline->Illuminate\Pipeline\{closure}() /home/ubuntu/workspace/kadai-tasklist/vendor/laravel/framework/src/Illuminate/Pipeline/Pipeline.php:103
[01-Mar-2018 12:50:54 Asia/Tokyo] PHP  34. call_user_func:{/home/ubuntu/workspace/kadai-tasklist/vendor/laravel/framework/src/Illuminate/Pipeline/Pipeline.php:139}() /home/ubuntu/workspace/kadai-tasklist/vendor/laravel/framework/src/Illuminate/Pipeline/Pipeline.php:139
[01-Mar-2018 12:50:54 Asia/Tokyo] PHP  35. Illuminate\Routing\Router->Illuminate\Routing\{closure}() /home/ubuntu/workspace/kadai-tasklist/vendor/laravel/framework/src/Illuminate/Pipeline/Pipeline.php:139
[01-Mar-2018 12:50:54 Asia/Tokyo] PHP  36. Illuminate\Routing\Route->run() /home/ubuntu/workspace/kadai-tasklist/vendor/laravel/framework/src/Illuminate/Routing/Router.php:708
[01-Mar-2018 12:50:54 Asia/Tokyo] PHP  37. Illuminate\Routing\Route->runWithCustomDispatcher() /home/ubuntu/workspace/kadai-tasklist/vendor/laravel/framework/src/Illuminate/Routing/Route.php:134
[01-Mar-2018 12:50:54 Asia/Tokyo] PHP  38. Illuminate\Routing\ControllerDispatcher->dispatch() /home/ubuntu/workspace/kadai-tasklist/vendor/laravel/framework/src/Illuminate/Routing/Route.php:203
[01-Mar-2018 12:50:54 Asia/Tokyo] PHP  39. Illuminate\Routing\ControllerDispatcher->callWithinStack() /home/ubuntu/workspace/kadai-tasklist/vendor/laravel/framework/src/Illuminate/Routing/ControllerDispatcher.php:69
[01-Mar-2018 12:50:54 Asia/Tokyo] PHP  40. Illuminate\Pipeline\Pipeline->then() /home/ubuntu/workspace/kadai-tasklist/vendor/laravel/framework/src/Illuminate/Routing/ControllerDispatcher.php:114
[01-Mar-2018 12:50:54 Asia/Tokyo] PHP  41. call_user_func:{/home/ubuntu/workspace/kadai-tasklist/vendor/laravel/framework/src/Illuminate/Pipeline/Pipeline.php:103}() /home/ubuntu/workspace/kadai-tasklist/vendor/laravel/framework/src/Illuminate/Pipeline/Pipeline.php:103
[01-Mar-2018 12:50:54 Asia/Tokyo] PHP  42. Illuminate\Pipeline\Pipeline->Illuminate\Pipeline\{closure}() /home/ubuntu/workspace/kadai-tasklist/vendor/laravel/framework/src/Illuminate/Pipeline/Pipeline.php:103
[01-Mar-2018 12:50:54 Asia/Tokyo] PHP  43. call_user_func:{/home/ubuntu/workspace/kadai-tasklist/vendor/laravel/framework/src/Illuminate/Pipeline/Pipeline.php:139}() /home/ubuntu/workspace/kadai-tasklist/vendor/laravel/framework/src/Illuminate/Pipeline/Pipeline.php:139
[01-Mar-2018 12:50:54 Asia/Tokyo] PHP  44. Illuminate\Routing\ControllerDispatcher->Illuminate\Routing\{closure}() /home/ubuntu/workspace/kadai-tasklist/vendor/laravel/framework/src/Illuminate/Pipeline/Pipeline.php:139
[01-Mar-2018 12:50:54 Asia/Tokyo] PHP  45. Illuminate\Routing\Router->prepareResponse() /home/ubuntu/workspace/kadai-tasklist/vendor/laravel/framework/src/Illuminate/Routing/ControllerDispatcher.php:113
[01-Mar-2018 12:50:54 Asia/Tokyo] PHP  46. Symfony\Component\HttpFoundation\Response->__construct() /home/ubuntu/workspace/kadai-tasklist/vendor/laravel/framework/src/Illuminate/Routing/Router.php:1229
[01-Mar-2018 12:50:54 Asia/Tokyo] PHP  47. Illuminate\Http\Response->setContent() /home/ubuntu/workspace/kadai-tasklist/vendor/symfony/http-foundation/Response.php:201
[01-Mar-2018 12:50:54 Asia/Tokyo] PHP  48. Illuminate\View\View->render() /home/ubuntu/workspace/kadai-tasklist/vendor/laravel/framework/src/Illuminate/Http/Response.php:51
[01-Mar-2018 12:50:54 Asia/Tokyo] PHP  49. Illuminate\View\View->renderContents() /home/ubuntu/workspace/kadai-tasklist/vendor/laravel/framework/src/Illuminate/View/View.php:83
[01-Mar-2018 12:50:54 Asia/Tokyo] PHP  50. Illuminate\View\View->getContents() /home/ubuntu/workspace/kadai-tasklist/vendor/laravel/framework/src/Illuminate/View/View.php:118
[01-Mar-2018 12:50:54 Asia/Tokyo] PHP  51. Illuminate\View\Engines\CompilerEngine->get() /home/ubuntu/workspace/kadai-tasklist/vendor/laravel/framework/src/Illuminate/View/View.php:147
[01-Mar-2018 12:50:54 Asia/Tokyo] PHP  52. Illuminate\View\Engines\PhpEngine->evaluatePath() /home/ubuntu/workspace/kadai-tasklist/vendor/laravel/framework/src/Illuminate/View/Engines/CompilerEngine.php:58
[01-Mar-2018 12:53:04 Asia/Tokyo] PHP Parse error:  syntax error, unexpected end of file in /home/ubuntu/workspace/kadai-tasklist/storage/framework/views/f809b87e0b23f23b51ede147b54482a4 on line 18
[01-Mar-2018 12:53:04 Asia/Tokyo] PHP Stack trace:
[01-Mar-2018 12:53:04 Asia/Tokyo] PHP   1. {main}() /home/ubuntu/workspace/kadai-tasklist/server.php:0
[01-Mar-2018 12:53:04 Asia/Tokyo] PHP   2. require_once() /home/ubuntu/workspace/kadai-tasklist/server.php:21
[01-Mar-2018 12:53:04 Asia/Tokyo] PHP   3. Illuminate\Foundation\Http\Kernel->handle() /home/ubuntu/workspace/kadai-tasklist/public/index.php:54
[01-Mar-2018 12:53:04 Asia/Tokyo] PHP   4. Illuminate\Foundation\Http\Kernel->sendRequestThroughRouter() /home/ubuntu/workspace/kadai-tasklist/vendor/laravel/framework/src/Illuminate/Foundation/Http/Kernel.php:87
[01-Mar-2018 12:53:04 Asia/Tokyo] PHP   5. Illuminate\Pipeline\Pipeline->then() /home/ubuntu/workspace/kadai-tasklist/vendor/laravel/framework/src/Illuminate/Foundation/Http/Kernel.php:122
[01-Mar-2018 12:53:04 Asia/Tokyo] PHP   6. call_user_func:{/home/ubuntu/workspace/kadai-tasklist/vendor/laravel/framework/src/Illuminate/Pipeline/Pipeline.php:103}() /home/ubuntu/workspace/kadai-tasklist/vendor/laravel/framework/src/Illuminate/Pipeline/Pipeline.php:103
[01-Mar-2018 12:53:04 Asia/Tokyo] PHP   7. Illuminate\Pipeline\Pipeline->Illuminate\Pipeline\{closure}() /home/ubuntu/workspace/kadai-tasklist/vendor/laravel/framework/src/Illuminate/Pipeline/Pipeline.php:103
[01-Mar-2018 12:53:04 Asia/Tokyo] PHP   8. call_user_func_array:{/home/ubuntu/workspace/kadai-tasklist/vendor/laravel/framework/src/Illuminate/Pipeline/Pipeline.php:124}() /home/ubuntu/workspace/kadai-tasklist/vendor/laravel/framework/src/Illuminate/Pipeline/Pipeline.php:124
[01-Mar-2018 12:53:04 Asia/Tokyo] PHP   9. Illuminate\Foundation\Http\Middleware\CheckForMaintenanceMode->handle() /home/ubuntu/workspace/kadai-tasklist/vendor/laravel/framework/src/Illuminate/Pipeline/Pipeline.php:124
[01-Mar-2018 12:53:04 Asia/Tokyo] PHP  10. Illuminate\Pipeline\Pipeline->Illuminate\Pipeline\{closure}() /home/ubuntu/workspace/kadai-tasklist/vendor/laravel/framework/src/Illuminate/Foundation/Http/Middleware/CheckForMaintenanceMode.php:44
[01-Mar-2018 12:53:04 Asia/Tokyo] PHP  11. call_user_func_array:{/home/ubuntu/workspace/kadai-tasklist/vendor/laravel/framework/src/Illuminate/Pipeline/Pipeline.php:124}() /home/ubuntu/workspace/kadai-tasklist/vendor/laravel/framework/src/Illuminate/Pipeline/Pipeline.php:124
[01-Mar-2018 12:53:04 Asia/Tokyo] PHP  12. Illuminate\Cookie\Middleware\EncryptCookies->handle() /home/ubuntu/workspace/kadai-tasklist/vendor/laravel/framework/src/Illuminate/Pipeline/Pipeline.php:124
[01-Mar-2018 12:53:04 Asia/Tokyo] PHP  13. Illuminate\Pipeline\Pipeline->Illuminate\Pipeline\{closure}() /home/ubuntu/workspace/kadai-tasklist/vendor/laravel/framework/src/Illuminate/Cookie/Middleware/EncryptCookies.php:59
[01-Mar-2018 12:53:04 Asia/Tokyo] PHP  14. call_user_func_array:{/home/ubuntu/workspace/kadai-tasklist/vendor/laravel/framework/src/Illuminate/Pipeline/Pipeline.php:124}() /home/ubuntu/workspace/kadai-tasklist/vendor/laravel/framework/src/Illuminate/Pipeline/Pipeline.php:124
[01-Mar-2018 12:53:04 Asia/Tokyo] PHP  15. Illuminate\Cookie\Middleware\AddQueuedCookiesToResponse->handle() /home/ubuntu/workspace/kadai-tasklist/vendor/laravel/framework/src/Illuminate/Pipeline/Pipeline.php:124
[01-Mar-2018 12:53:04 Asia/Tokyo] PHP  16. Illuminate\Pipeline\Pipeline->Illuminate\Pipeline\{closure}() /home/ubuntu/workspace/kadai-tasklist/vendor/laravel/framework/src/Illuminate/Cookie/Middleware/AddQueuedCookiesToResponse.php:37
[01-Mar-2018 12:53:04 Asia/Tokyo] PHP  17. call_user_func_array:{/home/ubuntu/workspace/kadai-tasklist/vendor/laravel/framework/src/Illuminate/Pipeline/Pipeline.php:124}() /home/ubuntu/workspace/kadai-tasklist/vendor/laravel/framework/src/Illuminate/Pipeline/Pipeline.php:124
[01-Mar-2018 12:53:04 Asia/Tokyo] PHP  18. Illuminate\Session\Middleware\StartSession->handle() /home/ubuntu/workspace/kadai-tasklist/vendor/laravel/framework/src/Illuminate/Pipeline/Pipeline.php:124
[01-Mar-2018 12:53:04 Asia/Tokyo] PHP  19. Illuminate\Pipeline\Pipeline->Illuminate\Pipeline\{closure}() /home/ubuntu/workspace/kadai-tasklist/vendor/laravel/framework/src/Illuminate/Session/Middleware/StartSession.php:62
[01-Mar-2018 12:53:04 Asia/Tokyo] PHP  20. call_user_func_array:{/home/ubuntu/workspace/kadai-tasklist/vendor/laravel/framework/src/Illuminate/Pipeline/Pipeline.php:124}() /home/ubuntu/workspace/kadai-tasklist/vendor/laravel/framework/src/Illuminate/Pipeline/Pipeline.php:124
[01-Mar-2018 12:53:04 Asia/Tokyo] PHP  21. Illuminate\View\Middleware\ShareErrorsFromSession->handle() /home/ubuntu/workspace/kadai-tasklist/vendor/laravel/framework/src/Illuminate/Pipeline/Pipeline.php:124
[01-Mar-2018 12:53:04 Asia/Tokyo] PHP  22. Illuminate\Pipeline\Pipeline->Illuminate\Pipeline\{closure}() /home/ubuntu/workspace/kadai-tasklist/vendor/laravel/framework/src/Illuminate/View/Middleware/ShareErrorsFromSession.php:49
[01-Mar-2018 12:53:04 Asia/Tokyo] PHP  23. call_user_func_array:{/home/ubuntu/workspace/kadai-tasklist/vendor/laravel/framework/src/Illuminate/Pipeline/Pipeline.php:124}() /home/ubuntu/workspace/kadai-tasklist/vendor/laravel/framework/src/Illuminate/Pipeline/Pipeline.php:124
[01-Mar-2018 12:53:04 Asia/Tokyo] PHP  24. Illuminate\Foundation\Http\Middleware\VerifyCsrfToken->handle() /home/ubuntu/workspace/kadai-tasklist/vendor/laravel/framework/src/Illuminate/Pipeline/Pipeline.php:124
[01-Mar-2018 12:53:04 Asia/Tokyo] PHP  25. Illuminate\Pipeline\Pipeline->Illuminate\Pipeline\{closure}() /home/ubuntu/workspace/kadai-tasklist/vendor/laravel/framework/src/Illuminate/Foundation/Http/Middleware/VerifyCsrfToken.php:50
[01-Mar-2018 12:53:04 Asia/Tokyo] PHP  26. call_user_func:{/home/ubuntu/workspace/kadai-tasklist/vendor/laravel/framework/src/Illuminate/Pipeline/Pipeline.php:139}() /home/ubuntu/workspace/kadai-tasklist/vendor/laravel/framework/src/Illuminate/Pipeline/Pipeline.php:139
[01-Mar-2018 12:53:04 Asia/Tokyo] PHP  27. Illuminate\Foundation\Http\Kernel->Illuminate\Foundation\Http\{closure}() /home/ubuntu/workspace/kadai-tasklist/vendor/laravel/framework/src/Illuminate/Pipeline/Pipeline.php:139
[01-Mar-2018 12:53:04 Asia/Tokyo] PHP  28. Illuminate\Routing\Router->dispatch() /home/ubuntu/workspace/kadai-tasklist/vendor/laravel/framework/src/Illuminate/Foundation/Http/Kernel.php:236
[01-Mar-2018 12:53:04 Asia/Tokyo] PHP  29. Illuminate\Routing\Router->dispatchToRoute() /home/ubuntu/workspace/kadai-tasklist/vendor/laravel/framework/src/Illuminate/Routing/Router.php:635
[01-Mar-2018 12:53:04 Asia/Tokyo] PHP  30. Illuminate\Routing\Router->runRouteWithinStack() /home/ubuntu/workspace/kadai-tasklist/vendor/laravel/framework/src/Illuminate/Routing/Router.php:675
[01-Mar-2018 12:53:04 Asia/Tokyo] PHP  31. Illuminate\Pipeline\Pipeline->then() /home/ubuntu/workspace/kadai-tasklist/vendor/laravel/framework/src/Illuminate/Routing/Router.php:710
[01-Mar-2018 12:53:04 Asia/Tokyo] PHP  32. call_user_func:{/home/ubuntu/workspace/kadai-tasklist/vendor/laravel/framework/src/Illuminate/Pipeline/Pipeline.php:103}() /home/ubuntu/workspace/kadai-tasklist/vendor/laravel/framework/src/Illuminate/Pipeline/Pipeline.php:103
[01-Mar-2018 12:53:04 Asia/Tokyo] PHP  33. Illuminate\Pipeline\Pipeline->Illuminate\Pipeline\{closure}() /home/ubuntu/workspace/kadai-tasklist/vendor/laravel/framework/src/Illuminate/Pipeline/Pipeline.php:103
[01-Mar-2018 12:53:04 Asia/Tokyo] PHP  34. call_user_func:{/home/ubuntu/workspace/kadai-tasklist/vendor/laravel/framework/src/Illuminate/Pipeline/Pipeline.php:139}() /home/ubuntu/workspace/kadai-tasklist/vendor/laravel/framework/src/Illuminate/Pipeline/Pipeline.php:139
[01-Mar-2018 12:53:04 Asia/Tokyo] PHP  35. Illuminate\Routing\Router->Illuminate\Routing\{closure}() /home/ubuntu/workspace/kadai-tasklist/vendor/laravel/framework/src/Illuminate/Pipeline/Pipeline.php:139
[01-Mar-2018 12:53:04 Asia/Tokyo] PHP  36. Illuminate\Routing\Route->run() /home/ubuntu/workspace/kadai-tasklist/vendor/laravel/framework/src/Illuminate/Routing/Router.php:708
[01-Mar-2018 12:53:04 Asia/Tokyo] PHP  37. Illuminate\Routing\Route->runWithCustomDispatcher() /home/ubuntu/workspace/kadai-tasklist/vendor/laravel/framework/src/Illuminate/Routing/Route.php:134
[01-Mar-2018 12:53:04 Asia/Tokyo] PHP  38. Illuminate\Routing\ControllerDispatcher->dispatch() /home/ubuntu/workspace/kadai-tasklist/vendor/laravel/framework/src/Illuminate/Routing/Route.php:203
[01-Mar-2018 12:53:04 Asia/Tokyo] PHP  39. Illuminate\Routing\ControllerDispatcher->callWithinStack() /home/ubuntu/workspace/kadai-tasklist/vendor/laravel/framework/src/Illuminate/Routing/ControllerDispatcher.php:69
[01-Mar-2018 12:53:04 Asia/Tokyo] PHP  40. Illuminate\Pipeline\Pipeline->then() /home/ubuntu/workspace/kadai-tasklist/vendor/laravel/framework/src/Illuminate/Routing/ControllerDispatcher.php:114
[01-Mar-2018 12:53:04 Asia/Tokyo] PHP  41. call_user_func:{/home/ubuntu/workspace/kadai-tasklist/vendor/laravel/framework/src/Illuminate/Pipeline/Pipeline.php:103}() /home/ubuntu/workspace/kadai-tasklist/vendor/laravel/framework/src/Illuminate/Pipeline/Pipeline.php:103
[01-Mar-2018 12:53:04 Asia/Tokyo] PHP  42. Illuminate\Pipeline\Pipeline->Illuminate\Pipeline\{closure}() /home/ubuntu/workspace/kadai-tasklist/vendor/laravel/framework/src/Illuminate/Pipeline/Pipeline.php:103
[01-Mar-2018 12:53:04 Asia/Tokyo] PHP  43. call_user_func:{/home/ubuntu/workspace/kadai-tasklist/vendor/laravel/framework/src/Illuminate/Pipeline/Pipeline.php:139}() /home/ubuntu/workspace/kadai-tasklist/vendor/laravel/framework/src/Illuminate/Pipeline/Pipeline.php:139
[01-Mar-2018 12:53:04 Asia/Tokyo] PHP  44. Illuminate\Routing\ControllerDispatcher->Illuminate\Routing\{closure}() /home/ubuntu/workspace/kadai-tasklist/vendor/laravel/framework/src/Illuminate/Pipeline/Pipeline.php:139
[01-Mar-2018 12:53:04 Asia/Tokyo] PHP  45. Illuminate\Routing\Router->prepareResponse() /home/ubuntu/workspace/kadai-tasklist/vendor/laravel/framework/src/Illuminate/Routing/ControllerDispatcher.php:113
[01-Mar-2018 12:53:04 Asia/Tokyo] PHP  46. Symfony\Component\HttpFoundation\Response->__construct() /home/ubuntu/workspace/kadai-tasklist/vendor/laravel/framework/src/Illuminate/Routing/Router.php:1229
[01-Mar-2018 12:53:04 Asia/Tokyo] PHP  47. Illuminate\Http\Response->setContent() /home/ubuntu/workspace/kadai-tasklist/vendor/symfony/http-foundation/Response.php:201
[01-Mar-2018 12:53:04 Asia/Tokyo] PHP  48. Illuminate\View\View->render() /home/ubuntu/workspace/kadai-tasklist/vendor/laravel/framework/src/Illuminate/Http/Response.php:51
[01-Mar-2018 12:53:04 Asia/Tokyo] PHP  49. Illuminate\View\View->renderContents() /home/ubuntu/workspace/kadai-tasklist/vendor/laravel/framework/src/Illuminate/View/View.php:83
[01-Mar-2018 12:53:04 Asia/Tokyo] PHP  50. Illuminate\View\View->getContents() /home/ubuntu/workspace/kadai-tasklist/vendor/laravel/framework/src/Illuminate/View/View.php:118
[01-Mar-2018 12:53:04 Asia/Tokyo] PHP  51. Illuminate\View\Engines\CompilerEngine->get() /home/ubuntu/workspace/kadai-tasklist/vendor/laravel/framework/src/Illuminate/View/View.php:147
[01-Mar-2018 12:53:04 Asia/Tokyo] PHP  52. Illuminate\View\Engines\PhpEngine->evaluatePath() /home/ubuntu/workspace/kadai-tasklist/vendor/laravel/framework/src/Illuminate/View/Engines/CompilerEngine.php:58
[01-Mar-2018 12:53:49 Asia/Tokyo] PHP Parse error:  syntax error, unexpected end of file in /home/ubuntu/workspace/kadai-tasklist/storage/framework/views/f809b87e0b23f23b51ede147b54482a4 on line 18
[01-Mar-2018 12:53:49 Asia/Tokyo] PHP Stack trace:
[01-Mar-2018 12:53:49 Asia/Tokyo] PHP   1. {main}() /home/ubuntu/workspace/kadai-tasklist/server.php:0
[01-Mar-2018 12:53:49 Asia/Tokyo] PHP   2. require_once() /home/ubuntu/workspace/kadai-tasklist/server.php:21
[01-Mar-2018 12:53:49 Asia/Tokyo] PHP   3. Illuminate\Foundation\Http\Kernel->handle() /home/ubuntu/workspace/kadai-tasklist/public/index.php:54
[01-Mar-2018 12:53:49 Asia/Tokyo] PHP   4. Illuminate\Foundation\Http\Kernel->sendRequestThroughRouter() /home/ubuntu/workspace/kadai-tasklist/vendor/laravel/framework/src/Illuminate/Foundation/Http/Kernel.php:87
[01-Mar-2018 12:53:49 Asia/Tokyo] PHP   5. Illuminate\Pipeline\Pipeline->then() /home/ubuntu/workspace/kadai-tasklist/vendor/laravel/framework/src/Illuminate/Foundation/Http/Kernel.php:122
[01-Mar-2018 12:53:49 Asia/Tokyo] PHP   6. call_user_func:{/home/ubuntu/workspace/kadai-tasklist/vendor/laravel/framework/src/Illuminate/Pipeline/Pipeline.php:103}() /home/ubuntu/workspace/kadai-tasklist/vendor/laravel/framework/src/Illuminate/Pipeline/Pipeline.php:103
[01-Mar-2018 12:53:49 Asia/Tokyo] PHP   7. Illuminate\Pipeline\Pipeline->Illuminate\Pipeline\{closure}() /home/ubuntu/workspace/kadai-tasklist/vendor/laravel/framework/src/Illuminate/Pipeline/Pipeline.php:103
[01-Mar-2018 12:53:49 Asia/Tokyo] PHP   8. call_user_func_array:{/home/ubuntu/workspace/kadai-tasklist/vendor/laravel/framework/src/Illuminate/Pipeline/Pipeline.php:124}() /home/ubuntu/workspace/kadai-tasklist/vendor/laravel/framework/src/Illuminate/Pipeline/Pipeline.php:124
[01-Mar-2018 12:53:49 Asia/Tokyo] PHP   9. Illuminate\Foundation\Http\Middleware\CheckForMaintenanceMode->handle() /home/ubuntu/workspace/kadai-tasklist/vendor/laravel/framework/src/Illuminate/Pipeline/Pipeline.php:124
[01-Mar-2018 12:53:49 Asia/Tokyo] PHP  10. Illuminate\Pipeline\Pipeline->Illuminate\Pipeline\{closure}() /home/ubuntu/workspace/kadai-tasklist/vendor/laravel/framework/src/Illuminate/Foundation/Http/Middleware/CheckForMaintenanceMode.php:44
[01-Mar-2018 12:53:49 Asia/Tokyo] PHP  11. call_user_func_array:{/home/ubuntu/workspace/kadai-tasklist/vendor/laravel/framework/src/Illuminate/Pipeline/Pipeline.php:124}() /home/ubuntu/workspace/kadai-tasklist/vendor/laravel/framework/src/Illuminate/Pipeline/Pipeline.php:124
[01-Mar-2018 12:53:49 Asia/Tokyo] PHP  12. Illuminate\Cookie\Middleware\EncryptCookies->handle() /home/ubuntu/workspace/kadai-tasklist/vendor/laravel/framework/src/Illuminate/Pipeline/Pipeline.php:124
[01-Mar-2018 12:53:49 Asia/Tokyo] PHP  13. Illuminate\Pipeline\Pipeline->Illuminate\Pipeline\{closure}() /home/ubuntu/workspace/kadai-tasklist/vendor/laravel/framework/src/Illuminate/Cookie/Middleware/EncryptCookies.php:59
[01-Mar-2018 12:53:49 Asia/Tokyo] PHP  14. call_user_func_array:{/home/ubuntu/workspace/kadai-tasklist/vendor/laravel/framework/src/Illuminate/Pipeline/Pipeline.php:124}() /home/ubuntu/workspace/kadai-tasklist/vendor/laravel/framework/src/Illuminate/Pipeline/Pipeline.php:124
[01-Mar-2018 12:53:49 Asia/Tokyo] PHP  15. Illuminate\Cookie\Middleware\AddQueuedCookiesToResponse->handle() /home/ubuntu/workspace/kadai-tasklist/vendor/laravel/framework/src/Illuminate/Pipeline/Pipeline.php:124
[01-Mar-2018 12:53:49 Asia/Tokyo] PHP  16. Illuminate\Pipeline\Pipeline->Illuminate\Pipeline\{closure}() /home/ubuntu/workspace/kadai-tasklist/vendor/laravel/framework/src/Illuminate/Cookie/Middleware/AddQueuedCookiesToResponse.php:37
[01-Mar-2018 12:53:49 Asia/Tokyo] PHP  17. call_user_func_array:{/home/ubuntu/workspace/kadai-tasklist/vendor/laravel/framework/src/Illuminate/Pipeline/Pipeline.php:124}() /home/ubuntu/workspace/kadai-tasklist/vendor/laravel/framework/src/Illuminate/Pipeline/Pipeline.php:124
[01-Mar-2018 12:53:49 Asia/Tokyo] PHP  18. Illuminate\Session\Middleware\StartSession->handle() /home/ubuntu/workspace/kadai-tasklist/vendor/laravel/framework/src/Illuminate/Pipeline/Pipeline.php:124
[01-Mar-2018 12:53:49 Asia/Tokyo] PHP  19. Illuminate\Pipeline\Pipeline->Illuminate\Pipeline\{closure}() /home/ubuntu/workspace/kadai-tasklist/vendor/laravel/framework/src/Illuminate/Session/Middleware/StartSession.php:62
[01-Mar-2018 12:53:49 Asia/Tokyo] PHP  20. call_user_func_array:{/home/ubuntu/workspace/kadai-tasklist/vendor/laravel/framework/src/Illuminate/Pipeline/Pipeline.php:124}() /home/ubuntu/workspace/kadai-tasklist/vendor/laravel/framework/src/Illuminate/Pipeline/Pipeline.php:124
[01-Mar-2018 12:53:49 Asia/Tokyo] PHP  21. Illuminate\View\Middleware\ShareErrorsFromSession->handle() /home/ubuntu/workspace/kadai-tasklist/vendor/laravel/framework/src/Illuminate/Pipeline/Pipeline.php:124
[01-Mar-2018 12:53:49 Asia/Tokyo] PHP  22. Illuminate\Pipeline\Pipeline->Illuminate\Pipeline\{closure}() /home/ubuntu/workspace/kadai-tasklist/vendor/laravel/framework/src/Illuminate/View/Middleware/ShareErrorsFromSession.php:49
[01-Mar-2018 12:53:49 Asia/Tokyo] PHP  23. call_user_func_array:{/home/ubuntu/workspace/kadai-tasklist/vendor/laravel/framework/src/Illuminate/Pipeline/Pipeline.php:124}() /home/ubuntu/workspace/kadai-tasklist/vendor/laravel/framework/src/Illuminate/Pipeline/Pipeline.php:124
[01-Mar-2018 12:53:49 Asia/Tokyo] PHP  24. Illuminate\Foundation\Http\Middleware\VerifyCsrfToken->handle() /home/ubuntu/workspace/kadai-tasklist/vendor/laravel/framework/src/Illuminate/Pipeline/Pipeline.php:124
[01-Mar-2018 12:53:49 Asia/Tokyo] PHP  25. Illuminate\Pipeline\Pipeline->Illuminate\Pipeline\{closure}() /home/ubuntu/workspace/kadai-tasklist/vendor/laravel/framework/src/Illuminate/Foundation/Http/Middleware/VerifyCsrfToken.php:50
[01-Mar-2018 12:53:49 Asia/Tokyo] PHP  26. call_user_func:{/home/ubuntu/workspace/kadai-tasklist/vendor/laravel/framework/src/Illuminate/Pipeline/Pipeline.php:139}() /home/ubuntu/workspace/kadai-tasklist/vendor/laravel/framework/src/Illuminate/Pipeline/Pipeline.php:139
[01-Mar-2018 12:53:49 Asia/Tokyo] PHP  27. Illuminate\Foundation\Http\Kernel->Illuminate\Foundation\Http\{closure}() /home/ubuntu/workspace/kadai-tasklist/vendor/laravel/framework/src/Illuminate/Pipeline/Pipeline.php:139
[01-Mar-2018 12:53:49 Asia/Tokyo] PHP  28. Illuminate\Routing\Router->dispatch() /home/ubuntu/workspace/kadai-tasklist/vendor/laravel/framework/src/Illuminate/Foundation/Http/Kernel.php:236
[01-Mar-2018 12:53:49 Asia/Tokyo] PHP  29. Illuminate\Routing\Router->dispatchToRoute() /home/ubuntu/workspace/kadai-tasklist/vendor/laravel/framework/src/Illuminate/Routing/Router.php:635
[01-Mar-2018 12:53:49 Asia/Tokyo] PHP  30. Illuminate\Routing\Router->runRouteWithinStack() /home/ubuntu/workspace/kadai-tasklist/vendor/laravel/framework/src/Illuminate/Routing/Router.php:675
[01-Mar-2018 12:53:49 Asia/Tokyo] PHP  31. Illuminate\Pipeline\Pipeline->then() /home/ubuntu/workspace/kadai-tasklist/vendor/laravel/framework/src/Illuminate/Routing/Router.php:710
[01-Mar-2018 12:53:49 Asia/Tokyo] PHP  32. call_user_func:{/home/ubuntu/workspace/kadai-tasklist/vendor/laravel/framework/src/Illuminate/Pipeline/Pipeline.php:103}() /home/ubuntu/workspace/kadai-tasklist/vendor/laravel/framework/src/Illuminate/Pipeline/Pipeline.php:103
[01-Mar-2018 12:53:49 Asia/Tokyo] PHP  33. Illuminate\Pipeline\Pipeline->Illuminate\Pipeline\{closure}() /home/ubuntu/workspace/kadai-tasklist/vendor/laravel/framework/src/Illuminate/Pipeline/Pipeline.php:103
[01-Mar-2018 12:53:49 Asia/Tokyo] PHP  34. call_user_func:{/home/ubuntu/workspace/kadai-tasklist/vendor/laravel/framework/src/Illuminate/Pipeline/Pipeline.php:139}() /home/ubuntu/workspace/kadai-tasklist/vendor/laravel/framework/src/Illuminate/Pipeline/Pipeline.php:139
[01-Mar-2018 12:53:49 Asia/Tokyo] PHP  35. Illuminate\Routing\Router->Illuminate\Routing\{closure}() /home/ubuntu/workspace/kadai-tasklist/vendor/laravel/framework/src/Illuminate/Pipeline/Pipeline.php:139
[01-Mar-2018 12:53:49 Asia/Tokyo] PHP  36. Illuminate\Routing\Route->run() /home/ubuntu/workspace/kadai-tasklist/vendor/laravel/framework/src/Illuminate/Routing/Router.php:708
[01-Mar-2018 12:53:49 Asia/Tokyo] PHP  37. Illuminate\Routing\Route->runWithCustomDispatcher() /home/ubuntu/workspace/kadai-tasklist/vendor/laravel/framework/src/Illuminate/Routing/Route.php:134
[01-Mar-2018 12:53:49 Asia/Tokyo] PHP  38. Illuminate\Routing\ControllerDispatcher->dispatch() /home/ubuntu/workspace/kadai-tasklist/vendor/laravel/framework/src/Illuminate/Routing/Route.php:203
[01-Mar-2018 12:53:49 Asia/Tokyo] PHP  39. Illuminate\Routing\ControllerDispatcher->callWithinStack() /home/ubuntu/workspace/kadai-tasklist/vendor/laravel/framework/src/Illuminate/Routing/ControllerDispatcher.php:69
[01-Mar-2018 12:53:49 Asia/Tokyo] PHP  40. Illuminate\Pipeline\Pipeline->then() /home/ubuntu/workspace/kadai-tasklist/vendor/laravel/framework/src/Illuminate/Routing/ControllerDispatcher.php:114
[01-Mar-2018 12:53:49 Asia/Tokyo] PHP  41. call_user_func:{/home/ubuntu/workspace/kadai-tasklist/vendor/laravel/framework/src/Illuminate/Pipeline/Pipeline.php:103}() /home/ubuntu/workspace/kadai-tasklist/vendor/laravel/framework/src/Illuminate/Pipeline/Pipeline.php:103
[01-Mar-2018 12:53:49 Asia/Tokyo] PHP  42. Illuminate\Pipeline\Pipeline->Illuminate\Pipeline\{closure}() /home/ubuntu/workspace/kadai-tasklist/vendor/laravel/framework/src/Illuminate/Pipeline/Pipeline.php:103
[01-Mar-2018 12:53:49 Asia/Tokyo] PHP  43. call_user_func:{/home/ubuntu/workspace/kadai-tasklist/vendor/laravel/framework/src/Illuminate/Pipeline/Pipeline.php:139}() /home/ubuntu/workspace/kadai-tasklist/vendor/laravel/framework/src/Illuminate/Pipeline/Pipeline.php:139
[01-Mar-2018 12:53:49 Asia/Tokyo] PHP  44. Illuminate\Routing\ControllerDispatcher->Illuminate\Routing\{closure}() /home/ubuntu/workspace/kadai-tasklist/vendor/laravel/framework/src/Illuminate/Pipeline/Pipeline.php:139
[01-Mar-2018 12:53:49 Asia/Tokyo] PHP  45. Illuminate\Routing\Router->prepareResponse() /home/ubuntu/workspace/kadai-tasklist/vendor/laravel/framework/src/Illuminate/Routing/ControllerDispatcher.php:113
[01-Mar-2018 12:53:49 Asia/Tokyo] PHP  46. Symfony\Component\HttpFoundation\Response->__construct() /home/ubuntu/workspace/kadai-tasklist/vendor/laravel/framework/src/Illuminate/Routing/Router.php:1229
[01-Mar-2018 12:53:49 Asia/Tokyo] PHP  47. Illuminate\Http\Response->setContent() /home/ubuntu/workspace/kadai-tasklist/vendor/symfony/http-foundation/Response.php:201
[01-Mar-2018 12:53:49 Asia/Tokyo] PHP  48. Illuminate\View\View->render() /home/ubuntu/workspace/kadai-tasklist/vendor/laravel/framework/src/Illuminate/Http/Response.php:51
[01-Mar-2018 12:53:49 Asia/Tokyo] PHP  49. Illuminate\View\View->renderContents() /home/ubuntu/workspace/kadai-tasklist/vendor/laravel/framework/src/Illuminate/View/View.php:83
[01-Mar-2018 12:53:49 Asia/Tokyo] PHP  50. Illuminate\View\View->getContents() /home/ubuntu/workspace/kadai-tasklist/vendor/laravel/framework/src/Illuminate/View/View.php:118
[01-Mar-2018 12:53:49 Asia/Tokyo] PHP  51. Illuminate\View\Engines\CompilerEngine->get() /home/ubuntu/workspace/kadai-tasklist/vendor/laravel/framework/src/Illuminate/View/View.php:147
[01-Mar-2018 12:53:49 Asia/Tokyo] PHP  52. Illuminate\View\Engines\PhpEngine->evaluatePath() /home/ubuntu/workspace/kadai-tasklist/vendor/laravel/framework/src/Illuminate/View/Engines/CompilerEngine.php:58
[05-Mar-2018 01:20:44 Asia/Tokyo] PHP Parse error:  syntax error, unexpected 'endif' (T_ENDIF) in /home/ubuntu/workspace/kadai-tasklist/storage/framework/views/f809b87e0b23f23b51ede147b54482a4 on line 29
[05-Mar-2018 01:20:44 Asia/Tokyo] PHP Stack trace:
[05-Mar-2018 01:20:44 Asia/Tokyo] PHP   1. {main}() /home/ubuntu/workspace/kadai-tasklist/server.php:0
[05-Mar-2018 01:20:44 Asia/Tokyo] PHP   2. require_once() /home/ubuntu/workspace/kadai-tasklist/server.php:21
[05-Mar-2018 01:20:44 Asia/Tokyo] PHP   3. Illuminate\Foundation\Http\Kernel->handle() /home/ubuntu/workspace/kadai-tasklist/public/index.php:54
[05-Mar-2018 01:20:44 Asia/Tokyo] PHP   4. Illuminate\Foundation\Http\Kernel->sendRequestThroughRouter() /home/ubuntu/workspace/kadai-tasklist/vendor/laravel/framework/src/Illuminate/Foundation/Http/Kernel.php:87
[05-Mar-2018 01:20:44 Asia/Tokyo] PHP   5. Illuminate\Pipeline\Pipeline->then() /home/ubuntu/workspace/kadai-tasklist/vendor/laravel/framework/src/Illuminate/Foundation/Http/Kernel.php:122
[05-Mar-2018 01:20:44 Asia/Tokyo] PHP   6. call_user_func:{/home/ubuntu/workspace/kadai-tasklist/vendor/laravel/framework/src/Illuminate/Pipeline/Pipeline.php:103}() /home/ubuntu/workspace/kadai-tasklist/vendor/laravel/framework/src/Illuminate/Pipeline/Pipeline.php:103
[05-Mar-2018 01:20:44 Asia/Tokyo] PHP   7. Illuminate\Pipeline\Pipeline->Illuminate\Pipeline\{closure}() /home/ubuntu/workspace/kadai-tasklist/vendor/laravel/framework/src/Illuminate/Pipeline/Pipeline.php:103
[05-Mar-2018 01:20:44 Asia/Tokyo] PHP   8. call_user_func_array:{/home/ubuntu/workspace/kadai-tasklist/vendor/laravel/framework/src/Illuminate/Pipeline/Pipeline.php:124}() /home/ubuntu/workspace/kadai-tasklist/vendor/laravel/framework/src/Illuminate/Pipeline/Pipeline.php:124
[05-Mar-2018 01:20:44 Asia/Tokyo] PHP   9. Illuminate\Foundation\Http\Middleware\CheckForMaintenanceMode->handle() /home/ubuntu/workspace/kadai-tasklist/vendor/laravel/framework/src/Illuminate/Pipeline/Pipeline.php:124
[05-Mar-2018 01:20:44 Asia/Tokyo] PHP  10. Illuminate\Pipeline\Pipeline->Illuminate\Pipeline\{closure}() /home/ubuntu/workspace/kadai-tasklist/vendor/laravel/framework/src/Illuminate/Foundation/Http/Middleware/CheckForMaintenanceMode.php:44
[05-Mar-2018 01:20:44 Asia/Tokyo] PHP  11. call_user_func_array:{/home/ubuntu/workspace/kadai-tasklist/vendor/laravel/framework/src/Illuminate/Pipeline/Pipeline.php:124}() /home/ubuntu/workspace/kadai-tasklist/vendor/laravel/framework/src/Illuminate/Pipeline/Pipeline.php:124
[05-Mar-2018 01:20:44 Asia/Tokyo] PHP  12. Illuminate\Cookie\Middleware\EncryptCookies->handle() /home/ubuntu/workspace/kadai-tasklist/vendor/laravel/framework/src/Illuminate/Pipeline/Pipeline.php:124
[05-Mar-2018 01:20:44 Asia/Tokyo] PHP  13. Illuminate\Pipeline\Pipeline->Illuminate\Pipeline\{closure}() /home/ubuntu/workspace/kadai-tasklist/vendor/laravel/framework/src/Illuminate/Cookie/Middleware/EncryptCookies.php:59
[05-Mar-2018 01:20:44 Asia/Tokyo] PHP  14. call_user_func_array:{/home/ubuntu/workspace/kadai-tasklist/vendor/laravel/framework/src/Illuminate/Pipeline/Pipeline.php:124}() /home/ubuntu/workspace/kadai-tasklist/vendor/laravel/framework/src/Illuminate/Pipeline/Pipeline.php:124
[05-Mar-2018 01:20:44 Asia/Tokyo] PHP  15. Illuminate\Cookie\Middleware\AddQueuedCookiesToResponse->handle() /home/ubuntu/workspace/kadai-tasklist/vendor/laravel/framework/src/Illuminate/Pipeline/Pipeline.php:124
[05-Mar-2018 01:20:44 Asia/Tokyo] PHP  16. Illuminate\Pipeline\Pipeline->Illuminate\Pipeline\{closure}() /home/ubuntu/workspace/kadai-tasklist/vendor/laravel/framework/src/Illuminate/Cookie/Middleware/AddQueuedCookiesToResponse.php:37
[05-Mar-2018 01:20:44 Asia/Tokyo] PHP  17. call_user_func_array:{/home/ubuntu/workspace/kadai-tasklist/vendor/laravel/framework/src/Illuminate/Pipeline/Pipeline.php:124}() /home/ubuntu/workspace/kadai-tasklist/vendor/laravel/framework/src/Illuminate/Pipeline/Pipeline.php:124
[05-Mar-2018 01:20:44 Asia/Tokyo] PHP  18. Illuminate\Session\Middleware\StartSession->handle() /home/ubuntu/workspace/kadai-tasklist/vendor/laravel/framework/src/Illuminate/Pipeline/Pipeline.php:124
[05-Mar-2018 01:20:44 Asia/Tokyo] PHP  19. Illuminate\Pipeline\Pipeline->Illuminate\Pipeline\{closure}() /home/ubuntu/workspace/kadai-tasklist/vendor/laravel/framework/src/Illuminate/Session/Middleware/StartSession.php:62
[05-Mar-2018 01:20:44 Asia/Tokyo] PHP  20. call_user_func_array:{/home/ubuntu/workspace/kadai-tasklist/vendor/laravel/framework/src/Illuminate/Pipeline/Pipeline.php:124}() /home/ubuntu/workspace/kadai-tasklist/vendor/laravel/framework/src/Illuminate/Pipeline/Pipeline.php:124
[05-Mar-2018 01:20:44 Asia/Tokyo] PHP  21. Illuminate\View\Middleware\ShareErrorsFromSession->handle() /home/ubuntu/workspace/kadai-tasklist/vendor/laravel/framework/src/Illuminate/Pipeline/Pipeline.php:124
[05-Mar-2018 01:20:44 Asia/Tokyo] PHP  22. Illuminate\Pipeline\Pipeline->Illuminate\Pipeline\{closure}() /home/ubuntu/workspace/kadai-tasklist/vendor/laravel/framework/src/Illuminate/View/Middleware/ShareErrorsFromSession.php:49
[05-Mar-2018 01:20:44 Asia/Tokyo] PHP  23. call_user_func_array:{/home/ubuntu/workspace/kadai-tasklist/vendor/laravel/framework/src/Illuminate/Pipeline/Pipeline.php:124}() /home/ubuntu/workspace/kadai-tasklist/vendor/laravel/framework/src/Illuminate/Pipeline/Pipeline.php:124
[05-Mar-2018 01:20:44 Asia/Tokyo] PHP  24. Illuminate\Foundation\Http\Middleware\VerifyCsrfToken->handle() /home/ubuntu/workspace/kadai-tasklist/vendor/laravel/framework/src/Illuminate/Pipeline/Pipeline.php:124
[05-Mar-2018 01:20:44 Asia/Tokyo] PHP  25. Illuminate\Pipeline\Pipeline->Illuminate\Pipeline\{closure}() /home/ubuntu/workspace/kadai-tasklist/vendor/laravel/framework/src/Illuminate/Foundation/Http/Middleware/VerifyCsrfToken.php:50
[05-Mar-2018 01:20:44 Asia/Tokyo] PHP  26. call_user_func:{/home/ubuntu/workspace/kadai-tasklist/vendor/laravel/framework/src/Illuminate/Pipeline/Pipeline.php:139}() /home/ubuntu/workspace/kadai-tasklist/vendor/laravel/framework/src/Illuminate/Pipeline/Pipeline.php:139
[05-Mar-2018 01:20:44 Asia/Tokyo] PHP  27. Illuminate\Foundation\Http\Kernel->Illuminate\Foundation\Http\{closure}() /home/ubuntu/workspace/kadai-tasklist/vendor/laravel/framework/src/Illuminate/Pipeline/Pipeline.php:139
[05-Mar-2018 01:20:44 Asia/Tokyo] PHP  28. Illuminate\Routing\Router->dispatch() /home/ubuntu/workspace/kadai-tasklist/vendor/laravel/framework/src/Illuminate/Foundation/Http/Kernel.php:236
[05-Mar-2018 01:20:44 Asia/Tokyo] PHP  29. Illuminate\Routing\Router->dispatchToRoute() /home/ubuntu/workspace/kadai-tasklist/vendor/laravel/framework/src/Illuminate/Routing/Router.php:635
[05-Mar-2018 01:20:44 Asia/Tokyo] PHP  30. Illuminate\Routing\Router->runRouteWithinStack() /home/ubuntu/workspace/kadai-tasklist/vendor/laravel/framework/src/Illuminate/Routing/Router.php:675
[05-Mar-2018 01:20:44 Asia/Tokyo] PHP  31. Illuminate\Pipeline\Pipeline->then() /home/ubuntu/workspace/kadai-tasklist/vendor/laravel/framework/src/Illuminate/Routing/Router.php:710
[05-Mar-2018 01:20:44 Asia/Tokyo] PHP  32. call_user_func:{/home/ubuntu/workspace/kadai-tasklist/vendor/laravel/framework/src/Illuminate/Pipeline/Pipeline.php:103}() /home/ubuntu/workspace/kadai-tasklist/vendor/laravel/framework/src/Illuminate/Pipeline/Pipeline.php:103
[05-Mar-2018 01:20:44 Asia/Tokyo] PHP  33. Illuminate\Pipeline\Pipeline->Illuminate\Pipeline\{closure}() /home/ubuntu/workspace/kadai-tasklist/vendor/laravel/framework/src/Illuminate/Pipeline/Pipeline.php:103
[05-Mar-2018 01:20:44 Asia/Tokyo] PHP  34. call_user_func:{/home/ubuntu/workspace/kadai-tasklist/vendor/laravel/framework/src/Illuminate/Pipeline/Pipeline.php:139}() /home/ubuntu/workspace/kadai-tasklist/vendor/laravel/framework/src/Illuminate/Pipeline/Pipeline.php:139
[05-Mar-2018 01:20:44 Asia/Tokyo] PHP  35. Illuminate\Routing\Router->Illuminate\Routing\{closure}() /home/ubuntu/workspace/kadai-tasklist/vendor/laravel/framework/src/Illuminate/Pipeline/Pipeline.php:139
[05-Mar-2018 01:20:44 Asia/Tokyo] PHP  36. Illuminate\Routing\Route->run() /home/ubuntu/workspace/kadai-tasklist/vendor/laravel/framework/src/Illuminate/Routing/Router.php:708
[05-Mar-2018 01:20:44 Asia/Tokyo] PHP  37. Illuminate\Routing\Route->runWithCustomDispatcher() /home/ubuntu/workspace/kadai-tasklist/vendor/laravel/framework/src/Illuminate/Routing/Route.php:134
[05-Mar-2018 01:20:44 Asia/Tokyo] PHP  38. Illuminate\Routing\ControllerDispatcher->dispatch() /home/ubuntu/workspace/kadai-tasklist/vendor/laravel/framework/src/Illuminate/Routing/Route.php:203
[05-Mar-2018 01:20:44 Asia/Tokyo] PHP  39. Illuminate\Routing\ControllerDispatcher->callWithinStack() /home/ubuntu/workspace/kadai-tasklist/vendor/laravel/framework/src/Illuminate/Routing/ControllerDispatcher.php:69
[05-Mar-2018 01:20:44 Asia/Tokyo] PHP  40. Illuminate\Pipeline\Pipeline->then() /home/ubuntu/workspace/kadai-tasklist/vendor/laravel/framework/src/Illuminate/Routing/ControllerDispatcher.php:114
[05-Mar-2018 01:20:44 Asia/Tokyo] PHP  41. call_user_func:{/home/ubuntu/workspace/kadai-tasklist/vendor/laravel/framework/src/Illuminate/Pipeline/Pipeline.php:103}() /home/ubuntu/workspace/kadai-tasklist/vendor/laravel/framework/src/Illuminate/Pipeline/Pipeline.php:103
[05-Mar-2018 01:20:44 Asia/Tokyo] PHP  42. Illuminate\Pipeline\Pipeline->Illuminate\Pipeline\{closure}() /home/ubuntu/workspace/kadai-tasklist/vendor/laravel/framework/src/Illuminate/Pipeline/Pipeline.php:103
[05-Mar-2018 01:20:44 Asia/Tokyo] PHP  43. call_user_func:{/home/ubuntu/workspace/kadai-tasklist/vendor/laravel/framework/src/Illuminate/Pipeline/Pipeline.php:139}() /home/ubuntu/workspace/kadai-tasklist/vendor/laravel/framework/src/Illuminate/Pipeline/Pipeline.php:139
[05-Mar-2018 01:20:44 Asia/Tokyo] PHP  44. Illuminate\Routing\ControllerDispatcher->Illuminate\Routing\{closure}() /home/ubuntu/workspace/kadai-tasklist/vendor/laravel/framework/src/Illuminate/Pipeline/Pipeline.php:139
[05-Mar-2018 01:20:44 Asia/Tokyo] PHP  45. Illuminate\Routing\Router->prepareResponse() /home/ubuntu/workspace/kadai-tasklist/vendor/laravel/framework/src/Illuminate/Routing/ControllerDispatcher.php:113
[05-Mar-2018 01:20:44 Asia/Tokyo] PHP  46. Symfony\Component\HttpFoundation\Response->__construct() /home/ubuntu/workspace/kadai-tasklist/vendor/laravel/framework/src/Illuminate/Routing/Router.php:1229
[05-Mar-2018 01:20:44 Asia/Tokyo] PHP  47. Illuminate\Http\Response->setContent() /home/ubuntu/workspace/kadai-tasklist/vendor/symfony/http-foundation/Response.php:201
[05-Mar-2018 01:20:44 Asia/Tokyo] PHP  48. Illuminate\View\View->render() /home/ubuntu/workspace/kadai-tasklist/vendor/laravel/framework/src/Illuminate/Http/Response.php:51
[05-Mar-2018 01:20:44 Asia/Tokyo] PHP  49. Illuminate\View\View->renderContents() /home/ubuntu/workspace/kadai-tasklist/vendor/laravel/framework/src/Illuminate/View/View.php:83
[05-Mar-2018 01:20:44 Asia/Tokyo] PHP  50. Illuminate\View\View->getContents() /home/ubuntu/workspace/kadai-tasklist/vendor/laravel/framework/src/Illuminate/View/View.php:118
[05-Mar-2018 01:20:44 Asia/Tokyo] PHP  51. Illuminate\View\Engines\CompilerEngine->get() /home/ubuntu/workspace/kadai-tasklist/vendor/laravel/framework/src/Illuminate/View/View.php:147
[05-Mar-2018 01:20:44 Asia/Tokyo] PHP  52. Illuminate\View\Engines\PhpEngine->evaluatePath() /home/ubuntu/workspace/kadai-tasklist/vendor/laravel/framework/src/Illuminate/View/Engines/CompilerEngine.php:58
[05-Mar-2018 02:14:19 Asia/Tokyo] PHP Fatal error:  Class 'From' not found in /home/ubuntu/workspace/kadai-tasklist/storage/framework/views/f9856931b069c664b0b15cc2f92ff7d3 on line 12
[05-Mar-2018 02:14:19 Asia/Tokyo] PHP Stack trace:
[05-Mar-2018 02:14:19 Asia/Tokyo] PHP   1. {main}() /home/ubuntu/workspace/kadai-tasklist/server.php:0
[05-Mar-2018 02:14:19 Asia/Tokyo] PHP   2. require_once() /home/ubuntu/workspace/kadai-tasklist/server.php:21
[05-Mar-2018 02:14:19 Asia/Tokyo] PHP   3. Illuminate\Foundation\Http\Kernel->handle() /home/ubuntu/workspace/kadai-tasklist/public/index.php:54
[05-Mar-2018 02:14:19 Asia/Tokyo] PHP   4. Illuminate\Foundation\Http\Kernel->sendRequestThroughRouter() /home/ubuntu/workspace/kadai-tasklist/vendor/laravel/framework/src/Illuminate/Foundation/Http/Kernel.php:87
[05-Mar-2018 02:14:19 Asia/Tokyo] PHP   5. Illuminate\Pipeline\Pipeline->then() /home/ubuntu/workspace/kadai-tasklist/vendor/laravel/framework/src/Illuminate/Foundation/Http/Kernel.php:122
[05-Mar-2018 02:14:19 Asia/Tokyo] PHP   6. call_user_func:{/home/ubuntu/workspace/kadai-tasklist/vendor/laravel/framework/src/Illuminate/Pipeline/Pipeline.php:103}() /home/ubuntu/workspace/kadai-tasklist/vendor/laravel/framework/src/Illuminate/Pipeline/Pipeline.php:103
[05-Mar-2018 02:14:19 Asia/Tokyo] PHP   7. Illuminate\Pipeline\Pipeline->Illuminate\Pipeline\{closure}() /home/ubuntu/workspace/kadai-tasklist/vendor/laravel/framework/src/Illuminate/Pipeline/Pipeline.php:103
[05-Mar-2018 02:14:19 Asia/Tokyo] PHP   8. call_user_func_array:{/home/ubuntu/workspace/kadai-tasklist/vendor/laravel/framework/src/Illuminate/Pipeline/Pipeline.php:124}() /home/ubuntu/workspace/kadai-tasklist/vendor/laravel/framework/src/Illuminate/Pipeline/Pipeline.php:124
[05-Mar-2018 02:14:19 Asia/Tokyo] PHP   9. Illuminate\Foundation\Http\Middleware\CheckForMaintenanceMode->handle() /home/ubuntu/workspace/kadai-tasklist/vendor/laravel/framework/src/Illuminate/Pipeline/Pipeline.php:124
[05-Mar-2018 02:14:19 Asia/Tokyo] PHP  10. Illuminate\Pipeline\Pipeline->Illuminate\Pipeline\{closure}() /home/ubuntu/workspace/kadai-tasklist/vendor/laravel/framework/src/Illuminate/Foundation/Http/Middleware/CheckForMaintenanceMode.php:44
[05-Mar-2018 02:14:19 Asia/Tokyo] PHP  11. call_user_func_array:{/home/ubuntu/workspace/kadai-tasklist/vendor/laravel/framework/src/Illuminate/Pipeline/Pipeline.php:124}() /home/ubuntu/workspace/kadai-tasklist/vendor/laravel/framework/src/Illuminate/Pipeline/Pipeline.php:124
[05-Mar-2018 02:14:19 Asia/Tokyo] PHP  12. Illuminate\Cookie\Middleware\EncryptCookies->handle() /home/ubuntu/workspace/kadai-tasklist/vendor/laravel/framework/src/Illuminate/Pipeline/Pipeline.php:124
[05-Mar-2018 02:14:19 Asia/Tokyo] PHP  13. Illuminate\Pipeline\Pipeline->Illuminate\Pipeline\{closure}() /home/ubuntu/workspace/kadai-tasklist/vendor/laravel/framework/src/Illuminate/Cookie/Middleware/EncryptCookies.php:59
[05-Mar-2018 02:14:19 Asia/Tokyo] PHP  14. call_user_func_array:{/home/ubuntu/workspace/kadai-tasklist/vendor/laravel/framework/src/Illuminate/Pipeline/Pipeline.php:124}() /home/ubuntu/workspace/kadai-tasklist/vendor/laravel/framework/src/Illuminate/Pipeline/Pipeline.php:124
[05-Mar-2018 02:14:19 Asia/Tokyo] PHP  15. Illuminate\Cookie\Middleware\AddQueuedCookiesToResponse->handle() /home/ubuntu/workspace/kadai-tasklist/vendor/laravel/framework/src/Illuminate/Pipeline/Pipeline.php:124
[05-Mar-2018 02:14:19 Asia/Tokyo] PHP  16. Illuminate\Pipeline\Pipeline->Illuminate\Pipeline\{closure}() /home/ubuntu/workspace/kadai-tasklist/vendor/laravel/framework/src/Illuminate/Cookie/Middleware/AddQueuedCookiesToResponse.php:37
[05-Mar-2018 02:14:19 Asia/Tokyo] PHP  17. call_user_func_array:{/home/ubuntu/workspace/kadai-tasklist/vendor/laravel/framework/src/Illuminate/Pipeline/Pipeline.php:124}() /home/ubuntu/workspace/kadai-tasklist/vendor/laravel/framework/src/Illuminate/Pipeline/Pipeline.php:124
[05-Mar-2018 02:14:19 Asia/Tokyo] PHP  18. Illuminate\Session\Middleware\StartSession->handle() /home/ubuntu/workspace/kadai-tasklist/vendor/laravel/framework/src/Illuminate/Pipeline/Pipeline.php:124
[05-Mar-2018 02:14:19 Asia/Tokyo] PHP  19. Illuminate\Pipeline\Pipeline->Illuminate\Pipeline\{closure}() /home/ubuntu/workspace/kadai-tasklist/vendor/laravel/framework/src/Illuminate/Session/Middleware/StartSession.php:62
[05-Mar-2018 02:14:19 Asia/Tokyo] PHP  20. call_user_func_array:{/home/ubuntu/workspace/kadai-tasklist/vendor/laravel/framework/src/Illuminate/Pipeline/Pipeline.php:124}() /home/ubuntu/workspace/kadai-tasklist/vendor/laravel/framework/src/Illuminate/Pipeline/Pipeline.php:124
[05-Mar-2018 02:14:19 Asia/Tokyo] PHP  21. Illuminate\View\Middleware\ShareErrorsFromSession->handle() /home/ubuntu/workspace/kadai-tasklist/vendor/laravel/framework/src/Illuminate/Pipeline/Pipeline.php:124
[05-Mar-2018 02:14:19 Asia/Tokyo] PHP  22. Illuminate\Pipeline\Pipeline->Illuminate\Pipeline\{closure}() /home/ubuntu/workspace/kadai-tasklist/vendor/laravel/framework/src/Illuminate/View/Middleware/ShareErrorsFromSession.php:49
[05-Mar-2018 02:14:19 Asia/Tokyo] PHP  23. call_user_func_array:{/home/ubuntu/workspace/kadai-tasklist/vendor/laravel/framework/src/Illuminate/Pipeline/Pipeline.php:124}() /home/ubuntu/workspace/kadai-tasklist/vendor/laravel/framework/src/Illuminate/Pipeline/Pipeline.php:124
[05-Mar-2018 02:14:19 Asia/Tokyo] PHP  24. Illuminate\Foundation\Http\Middleware\VerifyCsrfToken->handle() /home/ubuntu/workspace/kadai-tasklist/vendor/laravel/framework/src/Illuminate/Pipeline/Pipeline.php:124
[05-Mar-2018 02:14:19 Asia/Tokyo] PHP  25. Illuminate\Pipeline\Pipeline->Illuminate\Pipeline\{closure}() /home/ubuntu/workspace/kadai-tasklist/vendor/laravel/framework/src/Illuminate/Foundation/Http/Middleware/VerifyCsrfToken.php:50
[05-Mar-2018 02:14:19 Asia/Tokyo] PHP  26. call_user_func:{/home/ubuntu/workspace/kadai-tasklist/vendor/laravel/framework/src/Illuminate/Pipeline/Pipeline.php:139}() /home/ubuntu/workspace/kadai-tasklist/vendor/laravel/framework/src/Illuminate/Pipeline/Pipeline.php:139
[05-Mar-2018 02:14:19 Asia/Tokyo] PHP  27. Illuminate\Foundation\Http\Kernel->Illuminate\Foundation\Http\{closure}() /home/ubuntu/workspace/kadai-tasklist/vendor/laravel/framework/src/Illuminate/Pipeline/Pipeline.php:139
[05-Mar-2018 02:14:19 Asia/Tokyo] PHP  28. Illuminate\Routing\Router->dispatch() /home/ubuntu/workspace/kadai-tasklist/vendor/laravel/framework/src/Illuminate/Foundation/Http/Kernel.php:236
[05-Mar-2018 02:14:19 Asia/Tokyo] PHP  29. Illuminate\Routing\Router->dispatchToRoute() /home/ubuntu/workspace/kadai-tasklist/vendor/laravel/framework/src/Illuminate/Routing/Router.php:635
[05-Mar-2018 02:14:19 Asia/Tokyo] PHP  30. Illuminate\Routing\Router->runRouteWithinStack() /home/ubuntu/workspace/kadai-tasklist/vendor/laravel/framework/src/Illuminate/Routing/Router.php:675
[05-Mar-2018 02:14:19 Asia/Tokyo] PHP  31. Illuminate\Pipeline\Pipeline->then() /home/ubuntu/workspace/kadai-tasklist/vendor/laravel/framework/src/Illuminate/Routing/Router.php:710
[05-Mar-2018 02:14:19 Asia/Tokyo] PHP  32. call_user_func:{/home/ubuntu/workspace/kadai-tasklist/vendor/laravel/framework/src/Illuminate/Pipeline/Pipeline.php:103}() /home/ubuntu/workspace/kadai-tasklist/vendor/laravel/framework/src/Illuminate/Pipeline/Pipeline.php:103
[05-Mar-2018 02:14:19 Asia/Tokyo] PHP  33. Illuminate\Pipeline\Pipeline->Illuminate\Pipeline\{closure}() /home/ubuntu/workspace/kadai-tasklist/vendor/laravel/framework/src/Illuminate/Pipeline/Pipeline.php:103
[05-Mar-2018 02:14:19 Asia/Tokyo] PHP  34. call_user_func:{/home/ubuntu/workspace/kadai-tasklist/vendor/laravel/framework/src/Illuminate/Pipeline/Pipeline.php:139}() /home/ubuntu/workspace/kadai-tasklist/vendor/laravel/framework/src/Illuminate/Pipeline/Pipeline.php:139
[05-Mar-2018 02:14:19 Asia/Tokyo] PHP  35. Illuminate\Routing\Router->Illuminate\Routing\{closure}() /home/ubuntu/workspace/kadai-tasklist/vendor/laravel/framework/src/Illuminate/Pipeline/Pipeline.php:139
[05-Mar-2018 02:14:19 Asia/Tokyo] PHP  36. Illuminate\Routing\Route->run() /home/ubuntu/workspace/kadai-tasklist/vendor/laravel/framework/src/Illuminate/Routing/Router.php:708
[05-Mar-2018 02:14:19 Asia/Tokyo] PHP  37. Illuminate\Routing\Route->runWithCustomDispatcher() /home/ubuntu/workspace/kadai-tasklist/vendor/laravel/framework/src/Illuminate/Routing/Route.php:134
[05-Mar-2018 02:14:19 Asia/Tokyo] PHP  38. Illuminate\Routing\ControllerDispatcher->dispatch() /home/ubuntu/workspace/kadai-tasklist/vendor/laravel/framework/src/Illuminate/Routing/Route.php:203
[05-Mar-2018 02:14:19 Asia/Tokyo] PHP  39. Illuminate\Routing\ControllerDispatcher->callWithinStack() /home/ubuntu/workspace/kadai-tasklist/vendor/laravel/framework/src/Illuminate/Routing/ControllerDispatcher.php:69
[05-Mar-2018 02:14:19 Asia/Tokyo] PHP  40. Illuminate\Pipeline\Pipeline->then() /home/ubuntu/workspace/kadai-tasklist/vendor/laravel/framework/src/Illuminate/Routing/ControllerDispatcher.php:114
[05-Mar-2018 02:14:19 Asia/Tokyo] PHP  41. call_user_func:{/home/ubuntu/workspace/kadai-tasklist/vendor/laravel/framework/src/Illuminate/Pipeline/Pipeline.php:103}() /home/ubuntu/workspace/kadai-tasklist/vendor/laravel/framework/src/Illuminate/Pipeline/Pipeline.php:103
[05-Mar-2018 02:14:19 Asia/Tokyo] PHP  42. Illuminate\Pipeline\Pipeline->Illuminate\Pipeline\{closure}() /home/ubuntu/workspace/kadai-tasklist/vendor/laravel/framework/src/Illuminate/Pipeline/Pipeline.php:103
[05-Mar-2018 02:14:19 Asia/Tokyo] PHP  43. call_user_func:{/home/ubuntu/workspace/kadai-tasklist/vendor/laravel/framework/src/Illuminate/Pipeline/Pipeline.php:139}() /home/ubuntu/workspace/kadai-tasklist/vendor/laravel/framework/src/Illuminate/Pipeline/Pipeline.php:139
[05-Mar-2018 02:14:19 Asia/Tokyo] PHP  44. Illuminate\Routing\ControllerDispatcher->Illuminate\Routing\{closure}() /home/ubuntu/workspace/kadai-tasklist/vendor/laravel/framework/src/Illuminate/Pipeline/Pipeline.php:139
[05-Mar-2018 02:14:19 Asia/Tokyo] PHP  45. Illuminate\Routing\Router->prepareResponse() /home/ubuntu/workspace/kadai-tasklist/vendor/laravel/framework/src/Illuminate/Routing/ControllerDispatcher.php:113
[05-Mar-2018 02:14:19 Asia/Tokyo] PHP  46. Symfony\Component\HttpFoundation\Response->__construct() /home/ubuntu/workspace/kadai-tasklist/vendor/laravel/framework/src/Illuminate/Routing/Router.php:1229
[05-Mar-2018 02:14:19 Asia/Tokyo] PHP  47. Illuminate\Http\Response->setContent() /home/ubuntu/workspace/kadai-tasklist/vendor/symfony/http-foundation/Response.php:201
[05-Mar-2018 02:14:19 Asia/Tokyo] PHP  48. Illuminate\View\View->render() /home/ubuntu/workspace/kadai-tasklist/vendor/laravel/framework/src/Illuminate/Http/Response.php:51
[05-Mar-2018 02:14:19 Asia/Tokyo] PHP  49. Illuminate\View\View->renderContents() /home/ubuntu/workspace/kadai-tasklist/vendor/laravel/framework/src/Illuminate/View/View.php:83
[05-Mar-2018 02:14:19 Asia/Tokyo] PHP  50. Illuminate\View\View->getContents() /home/ubuntu/workspace/kadai-tasklist/vendor/laravel/framework/src/Illuminate/View/View.php:118
[05-Mar-2018 02:14:19 Asia/Tokyo] PHP  51. Illuminate\View\Engines\CompilerEngine->get() /home/ubuntu/workspace/kadai-tasklist/vendor/laravel/framework/src/Illuminate/View/View.php:147
[05-Mar-2018 02:14:19 Asia/Tokyo] PHP  52. Illuminate\View\Engines\PhpEngine->evaluatePath() /home/ubuntu/workspace/kadai-tasklist/vendor/laravel/framework/src/Illuminate/View/Engines/CompilerEngine.php:58
[05-Mar-2018 02:14:19 Asia/Tokyo] PHP  53. include() /home/ubuntu/workspace/kadai-tasklist/vendor/laravel/framework/src/Illuminate/View/Engines/PhpEngine.php:42
